<?xml version="1.0" encoding="UTF-8"?>
<!-- Generated by org.testng.reporters.JUnitReportReporter -->
<testsuite hostname="Haritha" failures="0" tests="5" name="com.qa.waf.tests.AccountsPageTest" time="1.090" errors="0" timestamp="2024-09-24T17:29:53 CDT" skipped="0">
  <testcase classname="com.qa.waf.tests.AccountsPageTest" name="aplogoutLinkTest" time="0.056"/>
  <testcase classname="com.qa.waf.tests.AccountsPageTest" name="accountHeadersTest" time="0.080"/>
  <testcase classname="com.qa.waf.tests.AccountsPageTest" name="aptitleTest" time="0.019"/>
  <testcase classname="com.qa.waf.tests.AccountsPageTest" name="apgeturlTest" time="0.020"/>
  <testcase classname="com.qa.waf.tests.AccountsPageTest" name="apdoSearchTest" time="0.915"/>
</testsuite> <!-- com.qa.waf.tests.AccountsPageTest -->
