<?xml version="1.0" encoding="UTF-8"?>
<!-- Generated by org.testng.reporters.JUnitReportReporter -->
<testsuite hostname="Haritha" failures="0" tests="6" name="com.qa.waf.tests.ResultsTest" time="14.997" errors="0" timestamp="2024-10-11T21:54:49 CDT" skipped="0">
  <testcase classname="com.qa.waf.tests.ResultsTest" name="searchResultTitleTest" time="2.281"/>
  <testcase classname="com.qa.waf.tests.ResultsTest" name="searchResultTitleTest" time="2.216"/>
  <testcase classname="com.qa.waf.tests.ResultsTest" name="searchResultsProductCount" time="1.860"/>
  <testcase classname="com.qa.waf.tests.ResultsTest" name="searchResultsProductCount" time="1.986"/>
  <testcase classname="com.qa.waf.tests.ResultsTest" name="selectProductTest" time="3.395"/>
  <testcase classname="com.qa.waf.tests.ResultsTest" name="selectProductTest" time="3.259"/>
</testsuite> <!-- com.qa.waf.tests.ResultsTest -->
