<?xml version="1.0" encoding="UTF-8"?>
<!-- Generated by org.testng.reporters.JUnitReportReporter -->
<testsuite hostname="Haritha" failures="0" tests="2" name="com.qa.waf.tests.RegisterTest" time="6.529" errors="0" timestamp="2024-10-23T18:24:13 CDT" skipped="0">
  <testcase classname="com.qa.waf.tests.RegisterTest" name="doRegisterTest" time="2.953"/>
  <testcase classname="com.qa.waf.tests.RegisterTest" name="doRegisterTest" time="3.576"/>
</testsuite> <!-- com.qa.waf.tests.RegisterTest -->
