<?xml version="1.0" encoding="UTF-8"?>
<!-- Generated by org.testng.reporters.JUnitReportReporter -->
<testsuite hostname="Haritha" failures="0" tests="2" name="com.qa.waf.tests.RegisterTest" time="8.609" errors="0" timestamp="2024-10-11T21:54:49 CDT" skipped="0">
  <testcase classname="com.qa.waf.tests.RegisterTest" name="doRegisterTest" time="4.467"/>
  <testcase classname="com.qa.waf.tests.RegisterTest" name="doRegisterTest" time="4.142"/>
</testsuite> <!-- com.qa.waf.tests.RegisterTest -->
