<?xml version="1.0" encoding="UTF-8"?>
<!-- Generated by org.testng.reporters.JUnitReportReporter -->
<testsuite hostname="Haritha" failures="0" tests="5" name="com.qa.waf.tests.AccountsPageTest" time="1.050" errors="0" timestamp="2024-09-23T20:32:17 CDT" skipped="0">
  <testcase classname="com.qa.waf.tests.AccountsPageTest" name="logoutLinkTest" time="0.026"/>
  <testcase classname="com.qa.waf.tests.AccountsPageTest" name="accountHeadersTest" time="0.035"/>
  <testcase classname="com.qa.waf.tests.AccountsPageTest" name="aptitleTest" time="0.004"/>
  <testcase classname="com.qa.waf.tests.AccountsPageTest" name="apgeturlTest" time="0.004"/>
  <testcase classname="com.qa.waf.tests.AccountsPageTest" name="doSearchTest" time="0.981"/>
</testsuite> <!-- com.qa.waf.tests.AccountsPageTest -->
