<?xml version="1.0" encoding="UTF-8"?>
<!-- Generated by org.testng.reporters.JUnitReportReporter -->
<testsuite hostname="Haritha" failures="0" tests="5" name="com.qa.waf.tests.LoginPageTest" time="3.542" errors="0" timestamp="2024-10-28T20:57:41 CDT" skipped="0">
  <testcase classname="com.qa.waf.tests.LoginPageTest" name="lpTitleTest" time="0.094"/>
  <testcase classname="com.qa.waf.tests.LoginPageTest" name="lpUrlTest" time="0.018"/>
  <testcase classname="com.qa.waf.tests.LoginPageTest" name="forgotpasswordTest" time="0.655"/>
  <testcase classname="com.qa.waf.tests.LoginPageTest" name="lpfooterlinksSizeTest" time="0.013"/>
  <testcase classname="com.qa.waf.tests.LoginPageTest" name="doLoginTest" time="2.762"/>
</testsuite> <!-- com.qa.waf.tests.LoginPageTest -->
