<?xml version="1.0" encoding="UTF-8"?>
<!-- Generated by org.testng.reporters.JUnitReportReporter -->
<testsuite hostname="Haritha" failures="0" tests="6" name="com.qa.waf.tests.AccountsPageTest" time="4.654" errors="0" timestamp="2024-10-28T20:57:41 CDT" skipped="0">
  <testcase classname="com.qa.waf.tests.AccountsPageTest" name="aplogoutLinkTest" time="0.650"/>
  <testcase classname="com.qa.waf.tests.AccountsPageTest" name="accountHeadersTest" time="0.037"/>
  <testcase classname="com.qa.waf.tests.AccountsPageTest" name="aptitleTest" time="0.007"/>
  <testcase classname="com.qa.waf.tests.AccountsPageTest" name="apgeturlTest" time="0.008"/>
  <testcase classname="com.qa.waf.tests.AccountsPageTest" name="apdoSearchTest" time="1.969"/>
  <testcase classname="com.qa.waf.tests.AccountsPageTest" name="apdoSearchTest" time="1.983"/>
</testsuite> <!-- com.qa.waf.tests.AccountsPageTest -->
