<?xml version="1.0" encoding="UTF-8"?>
<!-- Generated by org.testng.reporters.JUnitReportReporter -->
<testsuite hostname="Haritha" failures="0" tests="6" name="com.qa.waf.tests.AccountsPageTest" time="6.159" errors="0" timestamp="2024-10-13T12:45:15 CDT" skipped="0">
  <testcase classname="com.qa.waf.tests.AccountsPageTest" name="aplogoutLinkTest" time="0.936"/>
  <testcase classname="com.qa.waf.tests.AccountsPageTest" name="accountHeadersTest" time="0.125"/>
  <testcase classname="com.qa.waf.tests.AccountsPageTest" name="aptitleTest" time="0.025"/>
  <testcase classname="com.qa.waf.tests.AccountsPageTest" name="apgeturlTest" time="0.023"/>
  <testcase classname="com.qa.waf.tests.AccountsPageTest" name="apdoSearchTest" time="2.637"/>
  <testcase classname="com.qa.waf.tests.AccountsPageTest" name="apdoSearchTest" time="2.413"/>
</testsuite> <!-- com.qa.waf.tests.AccountsPageTest -->
