<?xml version="1.0" encoding="UTF-8"?>
<!-- Generated by org.testng.reporters.JUnitReportReporter -->
<testsuite hostname="Haritha" failures="0" tests="6" name="com.qa.waf.tests.AccountsPageTest" time="2.085" errors="0" timestamp="2024-10-09T23:26:15 CDT" skipped="0">
  <testcase classname="com.qa.waf.tests.AccountsPageTest" name="aplogoutLinkTest" time="0.051"/>
  <testcase classname="com.qa.waf.tests.AccountsPageTest" name="accountHeadersTest" time="0.090"/>
  <testcase classname="com.qa.waf.tests.AccountsPageTest" name="aptitleTest" time="0.022"/>
  <testcase classname="com.qa.waf.tests.AccountsPageTest" name="apgeturlTest" time="0.018"/>
  <testcase classname="com.qa.waf.tests.AccountsPageTest" name="apdoSearchTest" time="0.932"/>
  <testcase classname="com.qa.waf.tests.AccountsPageTest" name="apdoSearchTest" time="0.972"/>
</testsuite> <!-- com.qa.waf.tests.AccountsPageTest -->
