<?xml version="1.0" encoding="UTF-8"?>
<!-- Generated by org.testng.reporters.JUnitReportReporter -->
<testsuite hostname="Haritha" failures="0" tests="2" name="com.qa.waf.tests.RegisterTest" time="5.646" errors="0" timestamp="2024-10-28T20:57:41 CDT" skipped="0">
  <testcase classname="com.qa.waf.tests.RegisterTest" name="doRegisterTest" time="2.989"/>
  <testcase classname="com.qa.waf.tests.RegisterTest" name="doRegisterTest" time="2.657"/>
</testsuite> <!-- com.qa.waf.tests.RegisterTest -->
