<?xml version="1.0" encoding="UTF-8"?>
<!-- Generated by org.testng.reporters.JUnitReportReporter -->
<testsuite hostname="Haritha" failures="0" tests="2" name="com.qa.waf.tests.RegisterTest" time="8.428" errors="0" timestamp="2024-10-09T16:40:48 CDT" skipped="0">
  <testcase classname="com.qa.waf.tests.RegisterTest" name="doRegisterTest" time="4.181"/>
  <testcase classname="com.qa.waf.tests.RegisterTest" name="doRegisterTest" time="4.247"/>
</testsuite> <!-- com.qa.waf.tests.RegisterTest -->
