<?xml version="1.0" encoding="UTF-8"?>
<!-- Generated by org.testng.reporters.JUnitReportReporter -->
<testsuite hostname="Haritha" failures="0" tests="2" name="com.qa.waf.tests.RegisterTest" time="8.187" errors="0" timestamp="2024-10-28T15:54:44 CDT" skipped="0">
  <testcase classname="com.qa.waf.tests.RegisterTest" name="doRegisterTest" time="4.297"/>
  <testcase classname="com.qa.waf.tests.RegisterTest" name="doRegisterTest" time="3.890"/>
</testsuite> <!-- com.qa.waf.tests.RegisterTest -->
