<?xml version="1.0" encoding="UTF-8"?>
<!-- Generated by org.testng.reporters.JUnitReportReporter -->
<testsuite hostname="Haritha" failures="0" tests="5" name="com.qa.waf.tests.LoginPageTest" time="1.384" errors="0" timestamp="2024-09-23T21:29:08 CDT" skipped="0">
  <testcase classname="com.qa.waf.tests.LoginPageTest" name="lpTitleTest" time="0.025"/>
  <testcase classname="com.qa.waf.tests.LoginPageTest" name="lpUrlTest" time="0.016"/>
  <testcase classname="com.qa.waf.tests.LoginPageTest" name="forgotpasswordTest" time="0.046"/>
  <testcase classname="com.qa.waf.tests.LoginPageTest" name="lpfooterlinksSizeTest" time="0.022"/>
  <testcase classname="com.qa.waf.tests.LoginPageTest" name="doLoginTest" time="1.275"/>
</testsuite> <!-- com.qa.waf.tests.LoginPageTest -->
