<?xml version="1.0" encoding="UTF-8"?>
<!-- Generated by org.testng.reporters.JUnitReportReporter -->
<testsuite hostname="Haritha" failures="0" tests="6" name="com.qa.waf.tests.ResultsTest" time="14.908" errors="0" timestamp="2024-10-28T15:54:44 CDT" skipped="0">
  <testcase classname="com.qa.waf.tests.ResultsTest" name="searchResultTitleTest" time="2.260"/>
  <testcase classname="com.qa.waf.tests.ResultsTest" name="searchResultTitleTest" time="2.180"/>
  <testcase classname="com.qa.waf.tests.ResultsTest" name="searchResultsProductCount" time="1.910"/>
  <testcase classname="com.qa.waf.tests.ResultsTest" name="searchResultsProductCount" time="2.255"/>
  <testcase classname="com.qa.waf.tests.ResultsTest" name="selectProductTest" time="3.308"/>
  <testcase classname="com.qa.waf.tests.ResultsTest" name="selectProductTest" time="2.995"/>
</testsuite> <!-- com.qa.waf.tests.ResultsTest -->
