<?xml version="1.0" encoding="UTF-8"?>
<!-- Generated by org.testng.reporters.JUnitReportReporter -->
<testsuite hostname="Haritha" failures="0" tests="7" name="com.qa.waf.tests.ProductInfoPageTest" time="22.071" errors="0" timestamp="2024-10-11T21:54:49 CDT" skipped="0">
  <testcase classname="com.qa.waf.tests.ProductInfoPageTest" name="productHeaderNameTest" time="3.690"/>
  <testcase classname="com.qa.waf.tests.ProductInfoPageTest" name="productHeaderNameTest" time="3.592"/>
  <testcase classname="com.qa.waf.tests.ProductInfoPageTest" name="productImagesCountTest" time="2.965"/>
  <testcase classname="com.qa.waf.tests.ProductInfoPageTest" name="productImagesCountTest" time="2.930"/>
  <testcase classname="com.qa.waf.tests.ProductInfoPageTest" name="productMetaDataTest" time="2.933"/>
  <testcase classname="com.qa.waf.tests.ProductInfoPageTest" name="productPriceTest" time="2.870"/>
  <testcase classname="com.qa.waf.tests.ProductInfoPageTest" name="productDetailsTest" time="3.091"/>
</testsuite> <!-- com.qa.waf.tests.ProductInfoPageTest -->
