<?xml version="1.0" encoding="UTF-8"?>
<!-- Generated by org.testng.reporters.JUnitReportReporter -->
<testsuite hostname="Haritha" failures="0" tests="5" name="com.qa.waf.tests.LoginPageTest" time="4.708" errors="0" timestamp="2024-10-28T15:54:44 CDT" skipped="0">
  <testcase classname="com.qa.waf.tests.LoginPageTest" name="lpTitleTest" time="0.103"/>
  <testcase classname="com.qa.waf.tests.LoginPageTest" name="lpUrlTest" time="0.028"/>
  <testcase classname="com.qa.waf.tests.LoginPageTest" name="forgotpasswordTest" time="0.882"/>
  <testcase classname="com.qa.waf.tests.LoginPageTest" name="lpfooterlinksSizeTest" time="0.017"/>
  <testcase classname="com.qa.waf.tests.LoginPageTest" name="doLoginTest" time="3.678"/>
</testsuite> <!-- com.qa.waf.tests.LoginPageTest -->
