<?xml version="1.0" encoding="UTF-8"?>
<!-- Generated by org.testng.reporters.JUnitReportReporter -->
<testsuite hostname="Haritha" failures="0" tests="2" name="com.qa.waf.tests.RegisterTest" time="7.951" errors="0" timestamp="2024-10-13T12:45:15 CDT" skipped="0">
  <testcase classname="com.qa.waf.tests.RegisterTest" name="doRegisterTest" time="4.491"/>
  <testcase classname="com.qa.waf.tests.RegisterTest" name="doRegisterTest" time="3.460"/>
</testsuite> <!-- com.qa.waf.tests.RegisterTest -->
