<?xml version="1.0" encoding="UTF-8"?>
<!-- Generated by org.testng.reporters.JUnitReportReporter -->
<testsuite hostname="Haritha" failures="0" tests="6" name="com.qa.waf.tests.ResultsTest" time="14.358" errors="0" timestamp="2024-10-23T18:24:13 CDT" skipped="0">
  <testcase classname="com.qa.waf.tests.ResultsTest" name="searchResultTitleTest" time="2.403"/>
  <testcase classname="com.qa.waf.tests.ResultsTest" name="searchResultTitleTest" time="2.274"/>
  <testcase classname="com.qa.waf.tests.ResultsTest" name="searchResultsProductCount" time="1.908"/>
  <testcase classname="com.qa.waf.tests.ResultsTest" name="searchResultsProductCount" time="1.964"/>
  <testcase classname="com.qa.waf.tests.ResultsTest" name="selectProductTest" time="2.829"/>
  <testcase classname="com.qa.waf.tests.ResultsTest" name="selectProductTest" time="2.980"/>
</testsuite> <!-- com.qa.waf.tests.ResultsTest -->
