<?xml version="1.0" encoding="UTF-8"?>
<!-- Generated by org.testng.reporters.JUnitReportReporter -->
<testsuite hostname="Haritha" failures="0" tests="3" name="com.qa.waf.tests.ResultsTest" time="4.041" errors="0" timestamp="2024-10-02T13:11:32 CDT" skipped="0">
  <testcase classname="com.qa.waf.tests.ResultsTest" name="searchResultTitleTest" time="0.964"/>
  <testcase classname="com.qa.waf.tests.ResultsTest" name="searchResultsProductCount" time="0.899"/>
  <testcase classname="com.qa.waf.tests.ResultsTest" name="selectProductTest" time="2.178"/>
</testsuite> <!-- com.qa.waf.tests.ResultsTest -->
