<?xml version="1.0" encoding="UTF-8"?>
<!-- Generated by org.testng.reporters.JUnitReportReporter -->
<testsuite hostname="Haritha" failures="0" tests="7" name="com.qa.waf.tests.ProductInfoPageTest" time="17.047" errors="0" timestamp="2024-10-28T20:57:41 CDT" skipped="0">
  <testcase classname="com.qa.waf.tests.ProductInfoPageTest" name="productHeaderNameTest" time="2.687"/>
  <testcase classname="com.qa.waf.tests.ProductInfoPageTest" name="productHeaderNameTest" time="3.129"/>
  <testcase classname="com.qa.waf.tests.ProductInfoPageTest" name="productImagesCountTest" time="2.383"/>
  <testcase classname="com.qa.waf.tests.ProductInfoPageTest" name="productImagesCountTest" time="2.198"/>
  <testcase classname="com.qa.waf.tests.ProductInfoPageTest" name="productMetaDataTest" time="2.228"/>
  <testcase classname="com.qa.waf.tests.ProductInfoPageTest" name="productPriceTest" time="2.172"/>
  <testcase classname="com.qa.waf.tests.ProductInfoPageTest" name="productDetailsTest" time="2.250"/>
</testsuite> <!-- com.qa.waf.tests.ProductInfoPageTest -->
