<?xml version="1.0" encoding="UTF-8"?>
<!-- Generated by org.testng.reporters.JUnitReportReporter -->
<testsuite hostname="Haritha" failures="0" tests="7" name="com.qa.waf.tests.ProductInfoPageTest" time="21.309" errors="0" timestamp="2024-10-23T18:24:13 CDT" skipped="0">
  <testcase classname="com.qa.waf.tests.ProductInfoPageTest" name="productHeaderNameTest" time="3.513"/>
  <testcase classname="com.qa.waf.tests.ProductInfoPageTest" name="productHeaderNameTest" time="3.172"/>
  <testcase classname="com.qa.waf.tests.ProductInfoPageTest" name="productImagesCountTest" time="3.152"/>
  <testcase classname="com.qa.waf.tests.ProductInfoPageTest" name="productImagesCountTest" time="2.884"/>
  <testcase classname="com.qa.waf.tests.ProductInfoPageTest" name="productMetaDataTest" time="2.900"/>
  <testcase classname="com.qa.waf.tests.ProductInfoPageTest" name="productPriceTest" time="2.922"/>
  <testcase classname="com.qa.waf.tests.ProductInfoPageTest" name="productDetailsTest" time="2.766"/>
</testsuite> <!-- com.qa.waf.tests.ProductInfoPageTest -->
