<?xml version="1.0" encoding="UTF-8"?>
<!-- Generated by org.testng.reporters.JUnitReportReporter -->
<testsuite hostname="Haritha" failures="0" tests="6" name="com.qa.waf.tests.ResultsTest" time="12.563" errors="0" timestamp="2024-10-28T20:57:41 CDT" skipped="0">
  <testcase classname="com.qa.waf.tests.ResultsTest" name="searchResultTitleTest" time="1.972"/>
  <testcase classname="com.qa.waf.tests.ResultsTest" name="searchResultTitleTest" time="2.016"/>
  <testcase classname="com.qa.waf.tests.ResultsTest" name="searchResultsProductCount" time="1.733"/>
  <testcase classname="com.qa.waf.tests.ResultsTest" name="searchResultsProductCount" time="1.791"/>
  <testcase classname="com.qa.waf.tests.ResultsTest" name="selectProductTest" time="2.646"/>
  <testcase classname="com.qa.waf.tests.ResultsTest" name="selectProductTest" time="2.405"/>
</testsuite> <!-- com.qa.waf.tests.ResultsTest -->
