<?xml version="1.0" encoding="UTF-8"?>
<!-- Generated by org.testng.reporters.JUnitReportReporter -->
<testsuite hostname="Haritha" failures="0" tests="6" name="com.qa.waf.tests.ResultsTest" time="7.314" errors="0" timestamp="2024-10-09T23:25:50 CDT" skipped="0">
  <testcase classname="com.qa.waf.tests.ResultsTest" name="searchResultTitleTest" time="1.114"/>
  <testcase classname="com.qa.waf.tests.ResultsTest" name="searchResultTitleTest" time="1.007"/>
  <testcase classname="com.qa.waf.tests.ResultsTest" name="searchResultsProductCount" time="0.833"/>
  <testcase classname="com.qa.waf.tests.ResultsTest" name="searchResultsProductCount" time="0.752"/>
  <testcase classname="com.qa.waf.tests.ResultsTest" name="selectProductTest" time="1.944"/>
  <testcase classname="com.qa.waf.tests.ResultsTest" name="selectProductTest" time="1.664"/>
</testsuite> <!-- com.qa.waf.tests.ResultsTest -->
