<?xml version="1.0" encoding="UTF-8"?>
<!-- Generated by org.testng.reporters.JUnitReportReporter -->
<testsuite hostname="Haritha" failures="0" tests="1" name="com.qa.waf.tests.RegisterTest" time="3.758" errors="0" timestamp="2024-10-03T13:55:45 CDT" skipped="0">
  <testcase classname="com.qa.waf.tests.RegisterTest" name="doRegisterTest" time="3.758"/>
</testsuite> <!-- com.qa.waf.tests.RegisterTest -->
